<?xml version="1.0" encoding="UTF-8"?>
<testng-results ignored="0" total="1" passed="1" failed="0" skipped="0">
  <reporter-output>
  </reporter-output>
  <suite started-at="2025-03-18T13:44:51 IST" name="Suite" finished-at="2025-03-18T13:45:10 IST" duration-ms="18780">
    <groups>
    </groups>
    <test started-at="2025-03-18T13:44:51 IST" name="Test" finished-at="2025-03-18T13:45:10 IST" duration-ms="18780">
      <class name="Amazon.tests.AmazonSearchAndCart">
        <test-method is-config="true" signature="setUp()[pri:0, instance:Amazon.tests.AmazonSearchAndCart@4d5d943d]" started-at="2025-03-18T13:44:51 IST" name="setUp" finished-at="2025-03-18T13:44:56 IST" duration-ms="4760" status="PASS">
          <reporter-output>
          </reporter-output>
        </test-method> <!-- setUp -->
        <test-method signature="testAmazonSearchAndCart()[pri:0, instance:Amazon.tests.AmazonSearchAndCart@4d5d943d]" started-at="2025-03-18T13:44:56 IST" name="testAmazonSearchAndCart" finished-at="2025-03-18T13:45:08 IST" duration-ms="12679" status="PASS">
          <reporter-output>
          </reporter-output>
        </test-method> <!-- testAmazonSearchAndCart -->
        <test-method is-config="true" signature="cleanup()[pri:0, instance:Amazon.tests.AmazonSearchAndCart@4d5d943d]" started-at="2025-03-18T13:45:08 IST" name="cleanup" finished-at="2025-03-18T13:45:10 IST" duration-ms="1304" status="PASS">
          <reporter-output>
          </reporter-output>
        </test-method> <!-- cleanup -->
      </class> <!-- Amazon.tests.AmazonSearchAndCart -->
    </test> <!-- Test -->
  </suite> <!-- Suite -->
</testng-results>
